Aligning contigs to reference...
	Aligning contigs to the reference
Filtering alignments...
Parsing coords...
Loading reference...
	Loaded [gi_552530711_ref_NC_007488.2_]
	Total Regions: 1
	Total Region Length: 114179
Analyzing contigs...
CONTIG: NODE_1_length_292708_cov_3.171755 (292708bp)
		This contig is unaligned. (292708 bp)
		Unaligned bases: 292708 (number of Ns: 0)

CONTIG: NODE_2_length_257828_cov_3.053881 (257828bp)
		This contig is unaligned. (257828 bp)
		Unaligned bases: 257828 (number of Ns: 0)

CONTIG: NODE_3_length_250074_cov_3.101340 (250074bp)
		This contig is unaligned. (250074 bp)
		Unaligned bases: 250074 (number of Ns: 0)

CONTIG: NODE_4_length_230242_cov_3.106622 (230242bp)
		This contig is unaligned. (230242 bp)
		Unaligned bases: 230242 (number of Ns: 0)

CONTIG: NODE_5_length_201153_cov_2.854054 (201153bp)
		This contig is unaligned. (201153 bp)
		Unaligned bases: 201153 (number of Ns: 0)

CONTIG: NODE_6_length_192862_cov_3.021725 (192862bp)
		This contig is unaligned. (192862 bp)
		Unaligned bases: 192862 (number of Ns: 0)

CONTIG: NODE_7_length_176348_cov_2.743105 (176348bp)
		This contig is unaligned. (176348 bp)
		Unaligned bases: 176348 (number of Ns: 0)

CONTIG: NODE_8_length_169474_cov_2.867642 (169474bp)
		This contig is unaligned. (169474 bp)
		Unaligned bases: 169474 (number of Ns: 0)

CONTIG: NODE_9_length_142983_cov_2.871859 (142983bp)
		This contig is unaligned. (142983 bp)
		Unaligned bases: 142983 (number of Ns: 0)

CONTIG: NODE_10_length_131559_cov_3.402112 (131559bp)
		This contig is unaligned. (131559 bp)
		Unaligned bases: 131559 (number of Ns: 0)

CONTIG: NODE_11_length_121263_cov_2.662515 (121263bp)
		This contig is unaligned. (121263 bp)
		Unaligned bases: 121263 (number of Ns: 0)

CONTIG: NODE_12_length_112757_cov_3.628994 (112757bp)
Best alignment score: 112704.0 (LEN: 112704, IDY: 100.00), Total number of alignments: 1
		One align captures most of this contig: 1476 114179 | 112757 54 | 112704 112704 | 100.0 | gi_552530711_ref_NC_007488.2_ NODE_12_length_112757_cov_3.628994

CONTIG: NODE_13_length_111873_cov_2.982537 (111873bp)
		This contig is unaligned. (111873 bp)
		Unaligned bases: 111873 (number of Ns: 0)

CONTIG: NODE_14_length_103039_cov_3.636664 (103039bp)
		This contig is unaligned. (103039 bp)
		Unaligned bases: 103039 (number of Ns: 0)

CONTIG: NODE_15_length_96600_cov_2.947061 (96600bp)
Best alignment score: 93.0 (LEN: 93, IDY: 100.00), Total number of alignments: 1
			Looking for the best set of alignments (out of 1 total alignments)
			The best set is below. Score: 93.0, number of alignments: 1, unaligned bases: 96507
		This contig is partially unaligned. (Aligned 93 out of 96600 non-N bases (0.10%))
		Alignment: 1476 1568 | 1 93 | 93 93 | 100.0 | gi_552530711_ref_NC_007488.2_ NODE_15_length_96600_cov_2.947061
		Unaligned bases: 94 to 96600 (96507)

CONTIG: NODE_16_length_96597_cov_2.996466 (96597bp)
		This contig is unaligned. (96597 bp)
		Unaligned bases: 96597 (number of Ns: 0)

CONTIG: NODE_17_length_87443_cov_2.816577 (87443bp)
		This contig is unaligned. (87443 bp)
		Unaligned bases: 87443 (number of Ns: 0)

CONTIG: NODE_18_length_85068_cov_2.878282 (85068bp)
		This contig is unaligned. (85068 bp)
		Unaligned bases: 85068 (number of Ns: 0)

CONTIG: NODE_19_length_79879_cov_2.789324 (79879bp)
		This contig is unaligned. (79879 bp)
		Unaligned bases: 79879 (number of Ns: 0)

CONTIG: NODE_20_length_73344_cov_3.507788 (73344bp)
		This contig is unaligned. (73344 bp)
		Unaligned bases: 73344 (number of Ns: 0)

CONTIG: NODE_21_length_72202_cov_2.889806 (72202bp)
		This contig is unaligned. (72202 bp)
		Unaligned bases: 72202 (number of Ns: 0)

CONTIG: NODE_22_length_71154_cov_2.674111 (71154bp)
		This contig is unaligned. (71154 bp)
		Unaligned bases: 71154 (number of Ns: 0)

CONTIG: NODE_23_length_63902_cov_3.460390 (63902bp)
		This contig is unaligned. (63902 bp)
		Unaligned bases: 63902 (number of Ns: 0)

CONTIG: NODE_24_length_63666_cov_3.260645 (63666bp)
		This contig is unaligned. (63666 bp)
		Unaligned bases: 63666 (number of Ns: 0)

CONTIG: NODE_25_length_60553_cov_2.608270 (60553bp)
		This contig is unaligned. (60553 bp)
		Unaligned bases: 60553 (number of Ns: 0)

CONTIG: NODE_26_length_60330_cov_3.211166 (60330bp)
		This contig is unaligned. (60330 bp)
		Unaligned bases: 60330 (number of Ns: 0)

CONTIG: NODE_27_length_55037_cov_7.353014 (55037bp)
		This contig is unaligned. (55037 bp)
		Unaligned bases: 55037 (number of Ns: 0)

CONTIG: NODE_28_length_45788_cov_6.119006 (45788bp)
Best alignment score: 92.0 (LEN: 92, IDY: 100.00), Total number of alignments: 1
			Looking for the best set of alignments (out of 1 total alignments)
			The best set is below. Score: 92.0, number of alignments: 1, unaligned bases: 45696
		This contig is partially unaligned. (Aligned 92 out of 45788 non-N bases (0.20%))
		Alignment: 1477 1568 | 1 92 | 92 92 | 100.0 | gi_552530711_ref_NC_007488.2_ NODE_28_length_45788_cov_6.119006
		Unaligned bases: 93 to 45788 (45696)

CONTIG: NODE_29_length_45298_cov_2.670567 (45298bp)
		This contig is unaligned. (45298 bp)
		Unaligned bases: 45298 (number of Ns: 0)

CONTIG: NODE_30_length_44285_cov_3.892650 (44285bp)
		This contig is unaligned. (44285 bp)
		Unaligned bases: 44285 (number of Ns: 0)

CONTIG: NODE_31_length_43822_cov_7.996364 (43822bp)
		This contig is unaligned. (43822 bp)
		Unaligned bases: 43822 (number of Ns: 0)

CONTIG: NODE_32_length_43425_cov_2.681783 (43425bp)
		This contig is unaligned. (43425 bp)
		Unaligned bases: 43425 (number of Ns: 0)

CONTIG: NODE_33_length_43027_cov_2.736176 (43027bp)
		This contig is unaligned. (43027 bp)
		Unaligned bases: 43027 (number of Ns: 0)

CONTIG: NODE_34_length_42137_cov_2.574850 (42137bp)
		This contig is unaligned. (42137 bp)
		Unaligned bases: 42137 (number of Ns: 0)

CONTIG: NODE_35_length_38847_cov_2.530397 (38847bp)
		This contig is unaligned. (38847 bp)
		Unaligned bases: 38847 (number of Ns: 0)

CONTIG: NODE_36_length_36844_cov_3.300182 (36844bp)
		This contig is unaligned. (36844 bp)
		Unaligned bases: 36844 (number of Ns: 0)

CONTIG: NODE_37_length_32342_cov_6.473658 (32342bp)
		This contig is unaligned. (32342 bp)
		Unaligned bases: 32342 (number of Ns: 0)

CONTIG: NODE_38_length_31363_cov_2.415574 (31363bp)
		This contig is unaligned. (31363 bp)
		Unaligned bases: 31363 (number of Ns: 0)

CONTIG: NODE_39_length_31024_cov_2.791665 (31024bp)
		This contig is unaligned. (31024 bp)
		Unaligned bases: 31024 (number of Ns: 0)

CONTIG: NODE_40_length_30022_cov_2.898660 (30022bp)
		This contig is unaligned. (30022 bp)
		Unaligned bases: 30022 (number of Ns: 0)

CONTIG: NODE_41_length_27119_cov_6.348997 (27119bp)
		This contig is unaligned. (27119 bp)
		Unaligned bases: 27119 (number of Ns: 0)

CONTIG: NODE_42_length_26171_cov_7.151162 (26171bp)
Best alignment score: 93.0 (LEN: 93, IDY: 100.00), Total number of alignments: 1
			Looking for the best set of alignments (out of 1 total alignments)
			The best set is below. Score: 93.0, number of alignments: 1, unaligned bases: 26078
		This contig is partially unaligned. (Aligned 93 out of 26171 non-N bases (0.36%))
		Alignment: 1476 1568 | 1 93 | 93 93 | 100.0 | gi_552530711_ref_NC_007488.2_ NODE_42_length_26171_cov_7.151162
		Unaligned bases: 94 to 26171 (26078)

CONTIG: NODE_43_length_26022_cov_10.405685 (26022bp)
		This contig is unaligned. (26022 bp)
		Unaligned bases: 26022 (number of Ns: 0)

CONTIG: NODE_44_length_25063_cov_3.930356 (25063bp)
		This contig is unaligned. (25063 bp)
		Unaligned bases: 25063 (number of Ns: 0)

CONTIG: NODE_45_length_24857_cov_2.898159 (24857bp)
		This contig is unaligned. (24857 bp)
		Unaligned bases: 24857 (number of Ns: 0)

CONTIG: NODE_46_length_24277_cov_8.738918 (24277bp)
		This contig is unaligned. (24277 bp)
		Unaligned bases: 24277 (number of Ns: 0)

CONTIG: NODE_47_length_24084_cov_15.309783 (24084bp)
		This contig is unaligned. (24084 bp)
		Unaligned bases: 24084 (number of Ns: 0)

CONTIG: NODE_48_length_23582_cov_2.832092 (23582bp)
		This contig is unaligned. (23582 bp)
		Unaligned bases: 23582 (number of Ns: 0)

CONTIG: NODE_49_length_23299_cov_2.728820 (23299bp)
		This contig is unaligned. (23299 bp)
		Unaligned bases: 23299 (number of Ns: 0)

CONTIG: NODE_50_length_20415_cov_3.047978 (20415bp)
		This contig is unaligned. (20415 bp)
		Unaligned bases: 20415 (number of Ns: 0)

CONTIG: NODE_51_length_19328_cov_3.070029 (19328bp)
		This contig is unaligned. (19328 bp)
		Unaligned bases: 19328 (number of Ns: 0)

CONTIG: NODE_52_length_19290_cov_3.221285 (19290bp)
Best alignment score: 93.0 (LEN: 93, IDY: 100.00), Total number of alignments: 1
			Looking for the best set of alignments (out of 1 total alignments)
			The best set is below. Score: 93.0, number of alignments: 1, unaligned bases: 19197
		This contig is partially unaligned. (Aligned 93 out of 19290 non-N bases (0.48%))
		Alignment: 1477 1569 | 19290 19198 | 93 93 | 100.0 | gi_552530711_ref_NC_007488.2_ NODE_52_length_19290_cov_3.221285
		Unaligned bases: 1 to 19197 (19197)

CONTIG: NODE_53_length_18838_cov_5.281568 (18838bp)
		This contig is unaligned. (18838 bp)
		Unaligned bases: 18838 (number of Ns: 0)

CONTIG: NODE_54_length_18656_cov_5.217907 (18656bp)
		This contig is unaligned. (18656 bp)
		Unaligned bases: 18656 (number of Ns: 0)

CONTIG: NODE_55_length_17667_cov_4.862638 (17667bp)
		This contig is unaligned. (17667 bp)
		Unaligned bases: 17667 (number of Ns: 0)

CONTIG: NODE_56_length_17013_cov_3.843913 (17013bp)
		This contig is unaligned. (17013 bp)
		Unaligned bases: 17013 (number of Ns: 0)

CONTIG: NODE_57_length_16175_cov_3.202400 (16175bp)
		This contig is unaligned. (16175 bp)
		Unaligned bases: 16175 (number of Ns: 0)

CONTIG: NODE_58_length_15882_cov_4.599721 (15882bp)
		This contig is unaligned. (15882 bp)
		Unaligned bases: 15882 (number of Ns: 0)

CONTIG: NODE_59_length_13741_cov_7.692189 (13741bp)
		This contig is unaligned. (13741 bp)
		Unaligned bases: 13741 (number of Ns: 0)

CONTIG: NODE_60_length_13445_cov_14.143274 (13445bp)
		This contig is unaligned. (13445 bp)
		Unaligned bases: 13445 (number of Ns: 0)

CONTIG: NODE_61_length_12762_cov_2.808509 (12762bp)
		This contig is unaligned. (12762 bp)
		Unaligned bases: 12762 (number of Ns: 0)

CONTIG: NODE_62_length_12429_cov_2.866326 (12429bp)
		This contig is unaligned. (12429 bp)
		Unaligned bases: 12429 (number of Ns: 0)

CONTIG: NODE_63_length_12388_cov_2.960797 (12388bp)
		This contig is unaligned. (12388 bp)
		Unaligned bases: 12388 (number of Ns: 0)

CONTIG: NODE_64_length_10956_cov_3.233545 (10956bp)
		This contig is unaligned. (10956 bp)
		Unaligned bases: 10956 (number of Ns: 0)

CONTIG: NODE_65_length_9523_cov_3.769247 (9523bp)
		This contig is unaligned. (9523 bp)
		Unaligned bases: 9523 (number of Ns: 0)

CONTIG: NODE_66_length_8981_cov_15.241899 (8981bp)
		This contig is unaligned. (8981 bp)
		Unaligned bases: 8981 (number of Ns: 0)

CONTIG: NODE_67_length_8667_cov_2.609750 (8667bp)
		This contig is unaligned. (8667 bp)
		Unaligned bases: 8667 (number of Ns: 0)

CONTIG: NODE_68_length_7575_cov_5.328923 (7575bp)
		This contig is unaligned. (7575 bp)
		Unaligned bases: 7575 (number of Ns: 0)

CONTIG: NODE_69_length_5577_cov_29.513858 (5577bp)
		This contig is unaligned. (5577 bp)
		Unaligned bases: 5577 (number of Ns: 0)

CONTIG: NODE_70_length_4665_cov_4.930446 (4665bp)
		This contig is unaligned. (4665 bp)
		Unaligned bases: 4665 (number of Ns: 0)

CONTIG: NODE_71_length_4635_cov_2.532805 (4635bp)
		This contig is unaligned. (4635 bp)
		Unaligned bases: 4635 (number of Ns: 0)

CONTIG: NODE_72_length_4501_cov_2.563294 (4501bp)
		This contig is unaligned. (4501 bp)
		Unaligned bases: 4501 (number of Ns: 0)

CONTIG: NODE_73_length_4126_cov_13.731465 (4126bp)
		This contig is unaligned. (4126 bp)
		Unaligned bases: 4126 (number of Ns: 0)

CONTIG: NODE_74_length_4118_cov_7.168696 (4118bp)
		This contig is unaligned. (4118 bp)
		Unaligned bases: 4118 (number of Ns: 0)

CONTIG: NODE_75_length_3597_cov_4.036815 (3597bp)
		This contig is unaligned. (3597 bp)
		Unaligned bases: 3597 (number of Ns: 0)

CONTIG: NODE_76_length_3437_cov_9.055622 (3437bp)
		This contig is unaligned. (3437 bp)
		Unaligned bases: 3437 (number of Ns: 0)

CONTIG: NODE_77_length_3376_cov_10.759671 (3376bp)
		This contig is unaligned. (3376 bp)
		Unaligned bases: 3376 (number of Ns: 0)

CONTIG: NODE_78_length_3139_cov_2.218319 (3139bp)
		This contig is unaligned. (3139 bp)
		Unaligned bases: 3139 (number of Ns: 0)

CONTIG: NODE_79_length_2936_cov_1.838551 (2936bp)
		This contig is unaligned. (2936 bp)
		Unaligned bases: 2936 (number of Ns: 0)

CONTIG: NODE_80_length_2811_cov_4.202355 (2811bp)
		This contig is unaligned. (2811 bp)
		Unaligned bases: 2811 (number of Ns: 0)

CONTIG: NODE_81_length_2674_cov_7.872530 (2674bp)
		This contig is unaligned. (2674 bp)
		Unaligned bases: 2674 (number of Ns: 0)

CONTIG: NODE_82_length_2629_cov_9.079259 (2629bp)
		This contig is unaligned. (2629 bp)
		Unaligned bases: 2629 (number of Ns: 0)

CONTIG: NODE_83_length_2532_cov_1.578516 (2532bp)
		This contig is unaligned. (2532 bp)
		Unaligned bases: 2532 (number of Ns: 0)

CONTIG: NODE_84_length_2405_cov_5.902249 (2405bp)
		This contig is unaligned. (2405 bp)
		Unaligned bases: 2405 (number of Ns: 0)

CONTIG: NODE_85_length_2404_cov_1.699264 (2404bp)
		This contig is unaligned. (2404 bp)
		Unaligned bases: 2404 (number of Ns: 0)

CONTIG: NODE_86_length_2332_cov_6.726217 (2332bp)
		This contig is unaligned. (2332 bp)
		Unaligned bases: 2332 (number of Ns: 0)

CONTIG: NODE_87_length_2188_cov_15.131265 (2188bp)
		This contig is unaligned. (2188 bp)
		Unaligned bases: 2188 (number of Ns: 0)

CONTIG: NODE_88_length_2097_cov_3.172156 (2097bp)
		This contig is unaligned. (2097 bp)
		Unaligned bases: 2097 (number of Ns: 0)

CONTIG: NODE_89_length_2087_cov_12.265797 (2087bp)
		This contig is unaligned. (2087 bp)
		Unaligned bases: 2087 (number of Ns: 0)

CONTIG: NODE_90_length_2061_cov_1.674289 (2061bp)
		This contig is unaligned. (2061 bp)
		Unaligned bases: 2061 (number of Ns: 0)

CONTIG: NODE_91_length_1993_cov_15.575263 (1993bp)
		This contig is unaligned. (1993 bp)
		Unaligned bases: 1993 (number of Ns: 0)

CONTIG: NODE_92_length_1737_cov_2.621655 (1737bp)
		This contig is unaligned. (1737 bp)
		Unaligned bases: 1737 (number of Ns: 0)

CONTIG: NODE_93_length_1606_cov_22.898215 (1606bp)
Best alignment score: 1556.0 (LEN: 1567, IDY: 99.30), Total number of alignments: 1
			Looking for the best set of alignments (out of 1 total alignments)
			The best set is below. Score: 1556.0, number of alignments: 1, unaligned bases: 39
		Alignment: 1 1568 | 40 1606 | 1568 1567 | 99.3 | gi_552530711_ref_NC_007488.2_ NODE_93_length_1606_cov_22.898215

CONTIG: NODE_94_length_1328_cov_3.116599 (1328bp)
		This contig is unaligned. (1328 bp)
		Unaligned bases: 1328 (number of Ns: 0)

CONTIG: NODE_95_length_1274_cov_2.049958 (1274bp)
		This contig is unaligned. (1274 bp)
		Unaligned bases: 1274 (number of Ns: 0)

CONTIG: NODE_96_length_1268_cov_6.500426 (1268bp)
		This contig is unaligned. (1268 bp)
		Unaligned bases: 1268 (number of Ns: 0)

CONTIG: NODE_97_length_1227_cov_2.575838 (1227bp)
		This contig is unaligned. (1227 bp)
		Unaligned bases: 1227 (number of Ns: 0)

CONTIG: NODE_98_length_1143_cov_8.264762 (1143bp)
		This contig is unaligned. (1143 bp)
		Unaligned bases: 1143 (number of Ns: 0)

CONTIG: NODE_99_length_1111_cov_4.035363 (1111bp)
		This contig is unaligned. (1111 bp)
		Unaligned bases: 1111 (number of Ns: 0)

CONTIG: NODE_100_length_1082_cov_5.469161 (1082bp)
		This contig is unaligned. (1082 bp)
		Unaligned bases: 1082 (number of Ns: 0)

CONTIG: NODE_101_length_1048_cov_2.423037 (1048bp)
		This contig is unaligned. (1048 bp)
		Unaligned bases: 1048 (number of Ns: 0)

CONTIG: NODE_102_length_995_cov_5.718404 (995bp)
		This contig is unaligned. (995 bp)
		Unaligned bases: 995 (number of Ns: 0)

CONTIG: NODE_103_length_942_cov_5.502945 (942bp)
		This contig is unaligned. (942 bp)
		Unaligned bases: 942 (number of Ns: 0)

CONTIG: NODE_104_length_868_cov_2.705806 (868bp)
		This contig is unaligned. (868 bp)
		Unaligned bases: 868 (number of Ns: 0)

CONTIG: NODE_105_length_827_cov_2.854223 (827bp)
		This contig is unaligned. (827 bp)
		Unaligned bases: 827 (number of Ns: 0)

CONTIG: NODE_106_length_731_cov_2.086207 (731bp)
		This contig is unaligned. (731 bp)
		Unaligned bases: 731 (number of Ns: 0)

CONTIG: NODE_107_length_697_cov_2.556291 (697bp)
		This contig is unaligned. (697 bp)
		Unaligned bases: 697 (number of Ns: 0)

CONTIG: NODE_108_length_697_cov_1.807947 (697bp)
		This contig is unaligned. (697 bp)
		Unaligned bases: 697 (number of Ns: 0)

CONTIG: NODE_109_length_687_cov_1.200337 (687bp)
		This contig is unaligned. (687 bp)
		Unaligned bases: 687 (number of Ns: 0)

CONTIG: NODE_110_length_612_cov_1.477842 (612bp)
		This contig is unaligned. (612 bp)
		Unaligned bases: 612 (number of Ns: 0)

CONTIG: NODE_111_length_596_cov_2.343936 (596bp)
		This contig is unaligned. (596 bp)
		Unaligned bases: 596 (number of Ns: 0)

CONTIG: NODE_112_length_596_cov_0.270378 (596bp)
		This contig is unaligned. (596 bp)
		Unaligned bases: 596 (number of Ns: 0)

CONTIG: NODE_113_length_585_cov_1.376016 (585bp)
		This contig is unaligned. (585 bp)
		Unaligned bases: 585 (number of Ns: 0)

CONTIG: NODE_114_length_579_cov_1.286008 (579bp)
		This contig is unaligned. (579 bp)
		Unaligned bases: 579 (number of Ns: 0)

CONTIG: NODE_115_length_556_cov_0.174946 (556bp)
		This contig is unaligned. (556 bp)
		Unaligned bases: 556 (number of Ns: 0)

CONTIG: NODE_116_length_526_cov_2.046189 (526bp)
		This contig is unaligned. (526 bp)
		Unaligned bases: 526 (number of Ns: 0)

CONTIG: NODE_117_length_510_cov_4.203837 (510bp)
		This contig is unaligned. (510 bp)
		Unaligned bases: 510 (number of Ns: 0)

Analyzing coverage...
Writing SNPs into /media/chris/seagate1/chris/MULKSG/quast_mulksgspadesonly/quast_results_ctgs_R_sphaeroides_HiSeq/contigs_reports/minimap_output/mulksg_ctg.used_snps.gz

Analysis is finished!
Founded SNPs were written into /media/chris/seagate1/chris/MULKSG/quast_mulksgspadesonly/quast_results_ctgs_R_sphaeroides_HiSeq/contigs_reports/minimap_output/mulksg_ctg.used_snps.gz

Results:
	Local Misassemblies: 0
	Misassemblies: 0
		Relocations: 0
		Translocations: 0
		Inversions: 0
	Scaffold gap extensive misassemblies: 0
	Scaffold gap local misassemblies: 0
	Misassembled Contigs: 0
	Misassembled Contig Bases: 0
	Misassemblies Inter-Contig Overlap: 0
Unaligned Contigs: 111 + 4 part
Half Unaligned Contigs with Misassemblies: 0
Unaligned Contig Bases: 4447781

Ambiguously Mapped Contigs: 0
Total Bases in Ambiguously Mapped Contigs: 0
Extra Bases in Ambiguously Mapped Contigs: 0
Note that --allow-ambiguity option was set to "one" and only first alignment per each of these contigs was used.

	Covered Bases: 114179

	SNPs: 8
	Insertions: 1
	Deletions: 2

