./quast-5.0.2/quast.py -o quast_mulksgspadesonly/quast_results_scfs_B_fragilis_HiSeq -R GAGE-B_Assemblies/B_fragilis_HiSeq/reference.fa GAGE-B_Assemblies/B_fragilis_HiSeq/spades_scf.fasta GAGE-B_Assemblies/B_fragilis_HiSeq/mulksg_scf.fasta

Version: 5.0.2

System information:
  OS: Linux-4.15.0-43-generic-x86_64-with-Ubuntu-18.04-bionic (linux_64)
  Python version: 2.7.15
  CPUs number: 8

Started: 2019-01-15 11:21:56

Logging to /media/chris/seagate1/chris/MULKSG/quast_mulksgspadesonly/quast_results_scfs_B_fragilis_HiSeq/quast.log
NOTICE: Maximum number of threads is set to 2 (use --threads option to set it manually)

CWD: /media/chris/seagate1/chris/MULKSG
Main parameters: 
  MODE: default, threads: 2, minimum contig length: 500, minimum alignment length: 65, \
  ambiguity: one, threshold for extensive misassembly size: 1000

Reference:
  /media/chris/seagate1/chris/MULKSG/GAGE-B_Assemblies/B_fragilis_HiSeq/reference.fa ==> reference

Contigs:
  Pre-processing...
  1  GAGE-B_Assemblies/B_fragilis_HiSeq/spades_scf.fasta ==> spades_scf
  2  GAGE-B_Assemblies/B_fragilis_HiSeq/mulksg_scf.fasta ==> mulksg_scf

2019-01-15 11:21:57
Running Basic statistics processor...
  Reference genome:
    reference.fa, length = 5373121, num fragments = 1, GC % = 43.42
  Contig files: 
    1  spades_scf
    2  mulksg_scf
  Calculating N50 and L50...
    1  spades_scf, N50 = 157629, L50 = 9, Total length = 5337384, GC % = 43.40, # N's per 100 kbp =  1.84
    2  mulksg_scf, N50 = 157629, L50 = 9, Total length = 5344001, GC % = 43.40, # N's per 100 kbp =  1.83
  Drawing Nx plot...
    saved to /media/chris/seagate1/chris/MULKSG/quast_mulksgspadesonly/quast_results_scfs_B_fragilis_HiSeq/basic_stats/Nx_plot.pdf
  Drawing NGx plot...
    saved to /media/chris/seagate1/chris/MULKSG/quast_mulksgspadesonly/quast_results_scfs_B_fragilis_HiSeq/basic_stats/NGx_plot.pdf
  Drawing cumulative plot...
    saved to /media/chris/seagate1/chris/MULKSG/quast_mulksgspadesonly/quast_results_scfs_B_fragilis_HiSeq/basic_stats/cumulative_plot.pdf
  Drawing GC content plot...
    saved to /media/chris/seagate1/chris/MULKSG/quast_mulksgspadesonly/quast_results_scfs_B_fragilis_HiSeq/basic_stats/GC_content_plot.pdf
  Drawing spades_scf GC content plot...
    saved to /media/chris/seagate1/chris/MULKSG/quast_mulksgspadesonly/quast_results_scfs_B_fragilis_HiSeq/basic_stats/spades_scf_GC_content_plot.pdf
  Drawing mulksg_scf GC content plot...
    saved to /media/chris/seagate1/chris/MULKSG/quast_mulksgspadesonly/quast_results_scfs_B_fragilis_HiSeq/basic_stats/mulksg_scf_GC_content_plot.pdf
  Drawing Coverage histogram (bin size: 1x)...
    saved to /media/chris/seagate1/chris/MULKSG/quast_mulksgspadesonly/quast_results_scfs_B_fragilis_HiSeq/basic_stats/coverage_histogram.pdf
  Drawing spades_scf coverage histogram (bin size: 1x)...
    saved to /media/chris/seagate1/chris/MULKSG/quast_mulksgspadesonly/quast_results_scfs_B_fragilis_HiSeq/basic_stats/spades_scf_coverage_histogram.pdf
  Drawing mulksg_scf coverage histogram (bin size: 1x)...
    saved to /media/chris/seagate1/chris/MULKSG/quast_mulksgspadesonly/quast_results_scfs_B_fragilis_HiSeq/basic_stats/mulksg_scf_coverage_histogram.pdf
Done.

2019-01-15 11:21:59
Running Contig analyzer...
  1  spades_scf
  2  mulksg_scf
  1  Logging to files /media/chris/seagate1/chris/MULKSG/quast_mulksgspadesonly/quast_results_scfs_B_fragilis_HiSeq/contigs_reports/contigs_report_spades_scf.stdout and contigs_report_spades_scf.stderr...
  2  Logging to files /media/chris/seagate1/chris/MULKSG/quast_mulksgspadesonly/quast_results_scfs_B_fragilis_HiSeq/contigs_reports/contigs_report_mulksg_scf.stdout and contigs_report_mulksg_scf.stderr...
  1  Aligning contigs to the reference
  2  Aligning contigs to the reference
  2  /usr/local/lib/python2.7/dist-packages/quast-5.0.2-py2.7.egg/quast_libs/minimap2/minimap2 \
     -c -x asm5 -B5 -O4,16 --no-long-join -r 85 -N 50 -s 65 -z 200 --mask-level 0.9 \
     --min-occ 200 -g 2500 --score-N 2 --cs -t 1 quast_mulksgspadesonly/quast_results_scfs_B_fragilis_HiSeq/quast_corrected_input/reference.fa \
     quast_mulksgspadesonly/quast_results_scfs_B_fragilis_HiSeq/quast_corrected_input/mulksg_scf.fasta \
     > quast_mulksgspadesonly/quast_results_scfs_B_fragilis_HiSeq/contigs_reports/minimap_output/mulksg_scf.coords_tmp \
     2>> quast_mulksgspadesonly/quast_results_scfs_B_fragilis_HiSeq/contigs_reports/contigs_report_mulksg_scf.stderr
  1  /usr/local/lib/python2.7/dist-packages/quast-5.0.2-py2.7.egg/quast_libs/minimap2/minimap2 \
     -c -x asm5 -B5 -O4,16 --no-long-join -r 85 -N 50 -s 65 -z 200 --mask-level 0.9 \
     --min-occ 200 -g 2500 --score-N 2 --cs -t 1 quast_mulksgspadesonly/quast_results_scfs_B_fragilis_HiSeq/quast_corrected_input/reference.fa \
     quast_mulksgspadesonly/quast_results_scfs_B_fragilis_HiSeq/quast_corrected_input/spades_scf.fasta \
     > quast_mulksgspadesonly/quast_results_scfs_B_fragilis_HiSeq/contigs_reports/minimap_output/spades_scf.coords_tmp \
     2>> quast_mulksgspadesonly/quast_results_scfs_B_fragilis_HiSeq/contigs_reports/contigs_report_spades_scf.stderr
  2  Analysis is finished.

  1  Analysis is finished.

  Creating total report...
    saved to /media/chris/seagate1/chris/MULKSG/quast_mulksgspadesonly/quast_results_scfs_B_fragilis_HiSeq/contigs_reports/misassemblies_report.txt, misassemblies_report.tsv, and misassemblies_report.tex
  Transposed version of total report...
    saved to /media/chris/seagate1/chris/MULKSG/quast_mulksgspadesonly/quast_results_scfs_B_fragilis_HiSeq/contigs_reports/transposed_report_misassemblies.txt, transposed_report_misassemblies.tsv, and transposed_report_misassemblies.tex
  Creating total report...
    saved to /media/chris/seagate1/chris/MULKSG/quast_mulksgspadesonly/quast_results_scfs_B_fragilis_HiSeq/contigs_reports/unaligned_report.txt, unaligned_report.tsv, and unaligned_report.tex
  Drawing misassemblies by types plot...
    saved to /media/chris/seagate1/chris/MULKSG/quast_mulksgspadesonly/quast_results_scfs_B_fragilis_HiSeq/contigs_reports/misassemblies_plot.pdf
  Drawing misassemblies FRCurve plot...
    saved to /media/chris/seagate1/chris/MULKSG/quast_mulksgspadesonly/quast_results_scfs_B_fragilis_HiSeq/contigs_reports/misassemblies_frcurve_plot.pdf
Done.

2019-01-15 11:22:02
Running NA-NGA calculation...
  1  spades_scf, Largest alignment = 189113, NA50 = 44793, NGA50 = 44793, LA50 = 35, LGA50 = 35
  2  mulksg_scf, Largest alignment = 189113, NA50 = 44793, NGA50 = 44793, LA50 = 35, LGA50 = 35
  Drawing cumulative plot...
    saved to /media/chris/seagate1/chris/MULKSG/quast_mulksgspadesonly/quast_results_scfs_B_fragilis_HiSeq/aligned_stats/cumulative_plot.pdf
  Drawing NAx plot...
    saved to /media/chris/seagate1/chris/MULKSG/quast_mulksgspadesonly/quast_results_scfs_B_fragilis_HiSeq/aligned_stats/NAx_plot.pdf
  Drawing NGAx plot...
    saved to /media/chris/seagate1/chris/MULKSG/quast_mulksgspadesonly/quast_results_scfs_B_fragilis_HiSeq/aligned_stats/NGAx_plot.pdf
Done.

2019-01-15 11:22:02
Running Genome analyzer...
  NOTICE: No file with genomic features were provided. Use the --features option if you want to specify it.

  NOTICE: No file with operons were provided. Use the -O option if you want to specify it.
  1  spades_scf
  2  mulksg_scf
  2  Analysis is finished.
  1  Analysis is finished.
  Drawing Genome fraction, % histogram...
    saved to /media/chris/seagate1/chris/MULKSG/quast_mulksgspadesonly/quast_results_scfs_B_fragilis_HiSeq/genome_stats/genome_fraction_histogram.pdf
Done.

NOTICE: Genes are not predicted by default. Use --gene-finding or --glimmer option to enable it.

2019-01-15 11:22:04
Creating large visual summaries...
This may take a while: press Ctrl-C to skip this step..
  1 of 2: Creating Icarus viewers...
  2 of 2: Creating PDF with all tables and plots...
Done

2019-01-15 11:22:05
RESULTS:
  Text versions of total report are saved to /media/chris/seagate1/chris/MULKSG/quast_mulksgspadesonly/quast_results_scfs_B_fragilis_HiSeq/report.txt, report.tsv, and report.tex
  Text versions of transposed total report are saved to /media/chris/seagate1/chris/MULKSG/quast_mulksgspadesonly/quast_results_scfs_B_fragilis_HiSeq/transposed_report.txt, transposed_report.tsv, and transposed_report.tex
  HTML version (interactive tables and plots) is saved to /media/chris/seagate1/chris/MULKSG/quast_mulksgspadesonly/quast_results_scfs_B_fragilis_HiSeq/report.html
  PDF version (tables and plots) is saved to /media/chris/seagate1/chris/MULKSG/quast_mulksgspadesonly/quast_results_scfs_B_fragilis_HiSeq/report.pdf
  Icarus (contig browser) is saved to /media/chris/seagate1/chris/MULKSG/quast_mulksgspadesonly/quast_results_scfs_B_fragilis_HiSeq/icarus.html
  Log is saved to /media/chris/seagate1/chris/MULKSG/quast_mulksgspadesonly/quast_results_scfs_B_fragilis_HiSeq/quast.log

Finished: 2019-01-15 11:22:05
Elapsed time: 0:00:08.688098
NOTICEs: 4; WARNINGs: 0; non-fatal ERRORs: 0

Thank you for using QUAST!
