./quast-5.0.2/quast.py -o quast_mulksgspadesonly/quast_results_ctgs_R_sphaeroides_MiSeq -R GAGE-B_Assemblies/R_sphaeroides_MiSeq/reference.fa GAGE-B_Assemblies/R_sphaeroides_MiSeq/spades_ctg.fasta GAGE-B_Assemblies/R_sphaeroides_MiSeq/mulksg_ctg.fasta

Version: 5.0.2

System information:
  OS: Linux-4.15.0-43-generic-x86_64-with-Ubuntu-18.04-bionic (linux_64)
  Python version: 2.7.15
  CPUs number: 8

Started: 2019-01-15 11:09:47

Logging to /media/chris/seagate1/chris/MULKSG/quast_mulksgspadesonly/quast_results_ctgs_R_sphaeroides_MiSeq/quast.log
NOTICE: Maximum number of threads is set to 2 (use --threads option to set it manually)

CWD: /media/chris/seagate1/chris/MULKSG
Main parameters: 
  MODE: default, threads: 2, minimum contig length: 500, minimum alignment length: 65, \
  ambiguity: one, threshold for extensive misassembly size: 1000

Reference:
  /media/chris/seagate1/chris/MULKSG/GAGE-B_Assemblies/R_sphaeroides_MiSeq/reference.fa ==> reference

Contigs:
  Pre-processing...
  1  GAGE-B_Assemblies/R_sphaeroides_MiSeq/spades_ctg.fasta ==> spades_ctg
  2  GAGE-B_Assemblies/R_sphaeroides_MiSeq/mulksg_ctg.fasta ==> mulksg_ctg

2019-01-15 11:09:48
Running Basic statistics processor...
  Reference genome:
    reference.fa, length = 114179, num fragments = 1, GC % = 70.07
  Contig files: 
    1  spades_ctg
    2  mulksg_ctg
  Calculating N50 and L50...
    1  spades_ctg, N50 = 203023, L50 = 8, Total length = 4571180, GC % = 68.82, # N's per 100 kbp =  0.00
    2  mulksg_ctg, N50 = 203000, L50 = 8, Total length = 4571704, GC % = 68.82, # N's per 100 kbp =  0.00
  Drawing Nx plot...
    saved to /media/chris/seagate1/chris/MULKSG/quast_mulksgspadesonly/quast_results_ctgs_R_sphaeroides_MiSeq/basic_stats/Nx_plot.pdf
  Drawing NGx plot...
    saved to /media/chris/seagate1/chris/MULKSG/quast_mulksgspadesonly/quast_results_ctgs_R_sphaeroides_MiSeq/basic_stats/NGx_plot.pdf
  Drawing cumulative plot...
    saved to /media/chris/seagate1/chris/MULKSG/quast_mulksgspadesonly/quast_results_ctgs_R_sphaeroides_MiSeq/basic_stats/cumulative_plot.pdf
  Drawing GC content plot...
    saved to /media/chris/seagate1/chris/MULKSG/quast_mulksgspadesonly/quast_results_ctgs_R_sphaeroides_MiSeq/basic_stats/GC_content_plot.pdf
  Drawing spades_ctg GC content plot...
    saved to /media/chris/seagate1/chris/MULKSG/quast_mulksgspadesonly/quast_results_ctgs_R_sphaeroides_MiSeq/basic_stats/spades_ctg_GC_content_plot.pdf
  Drawing mulksg_ctg GC content plot...
    saved to /media/chris/seagate1/chris/MULKSG/quast_mulksgspadesonly/quast_results_ctgs_R_sphaeroides_MiSeq/basic_stats/mulksg_ctg_GC_content_plot.pdf
  Drawing Coverage histogram (bin size: 1x)...
    saved to /media/chris/seagate1/chris/MULKSG/quast_mulksgspadesonly/quast_results_ctgs_R_sphaeroides_MiSeq/basic_stats/coverage_histogram.pdf
  Drawing spades_ctg coverage histogram (bin size: 1x)...
    saved to /media/chris/seagate1/chris/MULKSG/quast_mulksgspadesonly/quast_results_ctgs_R_sphaeroides_MiSeq/basic_stats/spades_ctg_coverage_histogram.pdf
  Drawing mulksg_ctg coverage histogram (bin size: 1x)...
    saved to /media/chris/seagate1/chris/MULKSG/quast_mulksgspadesonly/quast_results_ctgs_R_sphaeroides_MiSeq/basic_stats/mulksg_ctg_coverage_histogram.pdf
Done.

2019-01-15 11:09:50
Running Contig analyzer...
  1  spades_ctg
  2  mulksg_ctg
  1  Logging to files /media/chris/seagate1/chris/MULKSG/quast_mulksgspadesonly/quast_results_ctgs_R_sphaeroides_MiSeq/contigs_reports/contigs_report_spades_ctg.stdout and contigs_report_spades_ctg.stderr...
  2  Logging to files /media/chris/seagate1/chris/MULKSG/quast_mulksgspadesonly/quast_results_ctgs_R_sphaeroides_MiSeq/contigs_reports/contigs_report_mulksg_ctg.stdout and contigs_report_mulksg_ctg.stderr...
  1  Aligning contigs to the reference
  2  Aligning contigs to the reference
  1  /usr/local/lib/python2.7/dist-packages/quast-5.0.2-py2.7.egg/quast_libs/minimap2/minimap2 \
     -c -x asm5 -B5 -O4,16 --no-long-join -r 85 -N 50 -s 65 -z 200 --mask-level 0.9 \
     --min-occ 200 -g 2500 --score-N 2 --cs -t 1 quast_mulksgspadesonly/quast_results_ctgs_R_sphaeroides_MiSeq/quast_corrected_input/reference.fa \
     quast_mulksgspadesonly/quast_results_ctgs_R_sphaeroides_MiSeq/quast_corrected_input/spades_ctg.fasta \
     > quast_mulksgspadesonly/quast_results_ctgs_R_sphaeroides_MiSeq/contigs_reports/minimap_output/spades_ctg.coords_tmp \
     2>> quast_mulksgspadesonly/quast_results_ctgs_R_sphaeroides_MiSeq/contigs_reports/contigs_report_spades_ctg.stderr
  2  /usr/local/lib/python2.7/dist-packages/quast-5.0.2-py2.7.egg/quast_libs/minimap2/minimap2 \
     -c -x asm5 -B5 -O4,16 --no-long-join -r 85 -N 50 -s 65 -z 200 --mask-level 0.9 \
     --min-occ 200 -g 2500 --score-N 2 --cs -t 1 quast_mulksgspadesonly/quast_results_ctgs_R_sphaeroides_MiSeq/quast_corrected_input/reference.fa \
     quast_mulksgspadesonly/quast_results_ctgs_R_sphaeroides_MiSeq/quast_corrected_input/mulksg_ctg.fasta \
     > quast_mulksgspadesonly/quast_results_ctgs_R_sphaeroides_MiSeq/contigs_reports/minimap_output/mulksg_ctg.coords_tmp \
     2>> quast_mulksgspadesonly/quast_results_ctgs_R_sphaeroides_MiSeq/contigs_reports/contigs_report_mulksg_ctg.stderr
  1  Analysis is finished.

  2  Analysis is finished.

  Creating total report...
    saved to /media/chris/seagate1/chris/MULKSG/quast_mulksgspadesonly/quast_results_ctgs_R_sphaeroides_MiSeq/contigs_reports/misassemblies_report.txt, misassemblies_report.tsv, and misassemblies_report.tex
  Transposed version of total report...
    saved to /media/chris/seagate1/chris/MULKSG/quast_mulksgspadesonly/quast_results_ctgs_R_sphaeroides_MiSeq/contigs_reports/transposed_report_misassemblies.txt, transposed_report_misassemblies.tsv, and transposed_report_misassemblies.tex
  Creating total report...
    saved to /media/chris/seagate1/chris/MULKSG/quast_mulksgspadesonly/quast_results_ctgs_R_sphaeroides_MiSeq/contigs_reports/unaligned_report.txt, unaligned_report.tsv, and unaligned_report.tex
  Drawing misassemblies by types plot...
    saved to /media/chris/seagate1/chris/MULKSG/quast_mulksgspadesonly/quast_results_ctgs_R_sphaeroides_MiSeq/contigs_reports/misassemblies_plot.pdf
  Drawing misassemblies FRCurve plot...
    saved to /media/chris/seagate1/chris/MULKSG/quast_mulksgspadesonly/quast_results_ctgs_R_sphaeroides_MiSeq/contigs_reports/misassemblies_frcurve_plot.pdf
Done.

2019-01-15 11:09:50
Running NA-NGA calculation...
  1  spades_ctg, Largest alignment = 112703, NA50 = None, NGA50 = 112703, LA50 = None, LGA50 = 1
  2  mulksg_ctg, Largest alignment = 112703, NA50 = None, NGA50 = 112703, LA50 = None, LGA50 = 1
  Drawing cumulative plot...
    saved to /media/chris/seagate1/chris/MULKSG/quast_mulksgspadesonly/quast_results_ctgs_R_sphaeroides_MiSeq/aligned_stats/cumulative_plot.pdf
  Drawing NAx plot...
    saved to /media/chris/seagate1/chris/MULKSG/quast_mulksgspadesonly/quast_results_ctgs_R_sphaeroides_MiSeq/aligned_stats/NAx_plot.pdf
  Drawing NGAx plot...
    saved to /media/chris/seagate1/chris/MULKSG/quast_mulksgspadesonly/quast_results_ctgs_R_sphaeroides_MiSeq/aligned_stats/NGAx_plot.pdf
Done.

2019-01-15 11:09:50
Running Genome analyzer...
  NOTICE: No file with genomic features were provided. Use the --features option if you want to specify it.

  NOTICE: No file with operons were provided. Use the -O option if you want to specify it.
  1  spades_ctg
  2  mulksg_ctg
  1  Analysis is finished.
  2  Analysis is finished.
  Drawing Genome fraction, % histogram...
    saved to /media/chris/seagate1/chris/MULKSG/quast_mulksgspadesonly/quast_results_ctgs_R_sphaeroides_MiSeq/genome_stats/genome_fraction_histogram.pdf
Done.

NOTICE: Genes are not predicted by default. Use --gene-finding or --glimmer option to enable it.

2019-01-15 11:09:51
Creating large visual summaries...
This may take a while: press Ctrl-C to skip this step..
  1 of 2: Creating Icarus viewers...
  2 of 2: Creating PDF with all tables and plots...
Done

2019-01-15 11:09:52
RESULTS:
  Text versions of total report are saved to /media/chris/seagate1/chris/MULKSG/quast_mulksgspadesonly/quast_results_ctgs_R_sphaeroides_MiSeq/report.txt, report.tsv, and report.tex
  Text versions of transposed total report are saved to /media/chris/seagate1/chris/MULKSG/quast_mulksgspadesonly/quast_results_ctgs_R_sphaeroides_MiSeq/transposed_report.txt, transposed_report.tsv, and transposed_report.tex
  HTML version (interactive tables and plots) is saved to /media/chris/seagate1/chris/MULKSG/quast_mulksgspadesonly/quast_results_ctgs_R_sphaeroides_MiSeq/report.html
  PDF version (tables and plots) is saved to /media/chris/seagate1/chris/MULKSG/quast_mulksgspadesonly/quast_results_ctgs_R_sphaeroides_MiSeq/report.pdf
  Icarus (contig browser) is saved to /media/chris/seagate1/chris/MULKSG/quast_mulksgspadesonly/quast_results_ctgs_R_sphaeroides_MiSeq/icarus.html
  Log is saved to /media/chris/seagate1/chris/MULKSG/quast_mulksgspadesonly/quast_results_ctgs_R_sphaeroides_MiSeq/quast.log

Finished: 2019-01-15 11:09:52
Elapsed time: 0:00:04.541989
NOTICEs: 4; WARNINGs: 0; non-fatal ERRORs: 0

Thank you for using QUAST!
