	Command being timed: "./SPAdes-3.13.0/spades.py -1 /files0/wrig522/TestData2/Salmonella_enterica/raw/frag_1.fastq -2 /files0/wrig522/TestData2/Salmonella_enterica/raw/frag_2.fastq -o Expr_1-11-2019-TestData2/spades_Salmonella_enterica -t 16 --careful -k 21,33,45,57,69,81,93"
	User time (seconds): 8851.53
	System time (seconds): 421.78
	Percent of CPU this job got: 980%
	Elapsed (wall clock) time (h:mm:ss or m:ss): 15:45.58
	Average shared text size (kbytes): 0
	Average unshared data size (kbytes): 0
	Average stack size (kbytes): 0
	Average total size (kbytes): 0
	Maximum resident set size (kbytes): 8788584
	Average resident set size (kbytes): 0
	Major (requiring I/O) page faults: 1
	Minor (reclaiming a frame) page faults: 115195114
	Voluntary context switches: 2159612
	Involuntary context switches: 16837
	Swaps: 0
	File system inputs: 0
	File system outputs: 86909936
	Socket messages sent: 0
	Socket messages received: 0
	Signals delivered: 0
	Page size (bytes): 4096
	Exit status: 0
	Command being timed: "./SPAdes-3.13.0/mulksg.py -1 /files0/wrig522/TestData2/Salmonella_enterica/raw/frag_1.fastq -2 /files0/wrig522/TestData2/Salmonella_enterica/raw/frag_2.fastq -o Expr_1-11-2019-TestData2/mulksg_Salmonella_enterica -t 16 --careful -k 21,33,45,57,69,81,93"
	User time (seconds): 10665.57
	System time (seconds): 513.51
	Percent of CPU this job got: 1315%
	Elapsed (wall clock) time (h:mm:ss or m:ss): 14:09.63
	Average shared text size (kbytes): 0
	Average unshared data size (kbytes): 0
	Average stack size (kbytes): 0
	Average total size (kbytes): 0
	Maximum resident set size (kbytes): 8788244
	Average resident set size (kbytes): 0
	Major (requiring I/O) page faults: 1
	Minor (reclaiming a frame) page faults: 122976477
	Voluntary context switches: 2389519
	Involuntary context switches: 156410
	Swaps: 0
	File system inputs: 8
	File system outputs: 93157576
	Socket messages sent: 0
	Socket messages received: 0
	Signals delivered: 0
	Page size (bytes): 4096
	Exit status: 0
	Command being timed: "./SPAdes-3.13.0/spades.py -1 /files0/wrig522/TestData2/Pseudomonas_aeruginosa/raw/frag_1.fastq -2 /files0/wrig522/TestData2/Pseudomonas_aeruginosa/raw/frag_2.fastq -o Expr_1-11-2019-TestData2/spades_Pseudomonas_aeruginosa -t 16 --careful -k 21,33,45,57,69,81,93"
	User time (seconds): 20753.64
	System time (seconds): 902.32
	Percent of CPU this job got: 929%
	Elapsed (wall clock) time (h:mm:ss or m:ss): 38:50.04
	Average shared text size (kbytes): 0
	Average unshared data size (kbytes): 0
	Average stack size (kbytes): 0
	Average total size (kbytes): 0
	Maximum resident set size (kbytes): 10823456
	Average resident set size (kbytes): 0
	Major (requiring I/O) page faults: 1
	Minor (reclaiming a frame) page faults: 281824612
	Voluntary context switches: 5394384
	Involuntary context switches: 42870
	Swaps: 0
	File system inputs: 0
	File system outputs: 245930256
	Socket messages sent: 0
	Socket messages received: 0
	Signals delivered: 0
	Page size (bytes): 4096
	Exit status: 0
	Command being timed: "./SPAdes-3.13.0/mulksg.py -1 /files0/wrig522/TestData2/Pseudomonas_aeruginosa/raw/frag_1.fastq -2 /files0/wrig522/TestData2/Pseudomonas_aeruginosa/raw/frag_2.fastq -o Expr_1-11-2019-TestData2/mulksg_Pseudomonas_aeruginosa -t 16 --careful -k 21,33,45,57,69,81,93"
	User time (seconds): 40223.86
	System time (seconds): 1133.37
	Percent of CPU this job got: 1415%
	Elapsed (wall clock) time (h:mm:ss or m:ss): 48:41.06
	Average shared text size (kbytes): 0
	Average unshared data size (kbytes): 0
	Average stack size (kbytes): 0
	Average total size (kbytes): 0
	Maximum resident set size (kbytes): 10823380
	Average resident set size (kbytes): 0
	Major (requiring I/O) page faults: 1
	Minor (reclaiming a frame) page faults: 352877779
	Voluntary context switches: 5563445
	Involuntary context switches: 487511
	Swaps: 0
	File system inputs: 0
	File system outputs: 270103096
	Socket messages sent: 0
	Socket messages received: 0
	Signals delivered: 0
	Page size (bytes): 4096
	Exit status: 0
	Command being timed: "./SPAdes-3.13.0/spades.py -1 /files0/wrig522/TestData2/Staphylococcus_aureus/raw/frag_1.fastq -2 /files0/wrig522/TestData2/Staphylococcus_aureus/raw/frag_2.fastq -o Expr_1-11-2019-TestData2/spades_Staphylococcus_aureus -t 16 --careful -k 21,33,45,57,69,81,93"
	User time (seconds): 2692.72
	System time (seconds): 112.20
	Percent of CPU this job got: 883%
	Elapsed (wall clock) time (h:mm:ss or m:ss): 5:17.62
	Average shared text size (kbytes): 0
	Average unshared data size (kbytes): 0
	Average stack size (kbytes): 0
	Average total size (kbytes): 0
	Maximum resident set size (kbytes): 2887280
	Average resident set size (kbytes): 0
	Major (requiring I/O) page faults: 1
	Minor (reclaiming a frame) page faults: 27477539
	Voluntary context switches: 1066660
	Involuntary context switches: 5630
	Swaps: 0
	File system inputs: 0
	File system outputs: 33574480
	Socket messages sent: 0
	Socket messages received: 0
	Signals delivered: 0
	Page size (bytes): 4096
	Exit status: 0
	Command being timed: "./SPAdes-3.13.0/mulksg.py -1 /files0/wrig522/TestData2/Staphylococcus_aureus/raw/frag_1.fastq -2 /files0/wrig522/TestData2/Staphylococcus_aureus/raw/frag_2.fastq -o Expr_1-11-2019-TestData2/mulksg_Staphylococcus_aureus -t 16 --careful -k 21,33,45,57,69,81,93"
	User time (seconds): 4030.44
	System time (seconds): 122.63
	Percent of CPU this job got: 1142%
	Elapsed (wall clock) time (h:mm:ss or m:ss): 6:03.40
	Average shared text size (kbytes): 0
	Average unshared data size (kbytes): 0
	Average stack size (kbytes): 0
	Average total size (kbytes): 0
	Maximum resident set size (kbytes): 2887696
	Average resident set size (kbytes): 0
	Major (requiring I/O) page faults: 1
	Minor (reclaiming a frame) page faults: 31880480
	Voluntary context switches: 1162839
	Involuntary context switches: 39372
	Swaps: 0
	File system inputs: 0
	File system outputs: 36189144
	Socket messages sent: 0
	Socket messages received: 0
	Signals delivered: 0
	Page size (bytes): 4096
	Exit status: 0
	Command being timed: "./SPAdes-3.13.0/spades.py -1 /files0/wrig522/TestData2/Escherichia_coli/raw/frag_1.fastq -2 /files0/wrig522/TestData2/Escherichia_coli/raw/frag_2.fastq -o Expr_1-11-2019-TestData2/spades_Escherichia_coli -t 16 --careful -k 21,33,45,57,69,81,93"
	User time (seconds): 3302.07
	System time (seconds): 156.28
	Percent of CPU this job got: 823%
	Elapsed (wall clock) time (h:mm:ss or m:ss): 7:00.00
	Average shared text size (kbytes): 0
	Average unshared data size (kbytes): 0
	Average stack size (kbytes): 0
	Average total size (kbytes): 0
	Maximum resident set size (kbytes): 4868028
	Average resident set size (kbytes): 0
	Major (requiring I/O) page faults: 1
	Minor (reclaiming a frame) page faults: 33051316
	Voluntary context switches: 6039763
	Involuntary context switches: 8270
	Swaps: 0
	File system inputs: 0
	File system outputs: 40995272
	Socket messages sent: 0
	Socket messages received: 0
	Signals delivered: 0
	Page size (bytes): 4096
	Exit status: 0
	Command being timed: "./SPAdes-3.13.0/mulksg.py -1 /files0/wrig522/TestData2/Escherichia_coli/raw/frag_1.fastq -2 /files0/wrig522/TestData2/Escherichia_coli/raw/frag_2.fastq -o Expr_1-11-2019-TestData2/mulksg_Escherichia_coli -t 16 --careful -k 21,33,45,57,69,81,93"
	User time (seconds): 4179.64
	System time (seconds): 186.70
	Percent of CPU this job got: 1033%
	Elapsed (wall clock) time (h:mm:ss or m:ss): 7:02.51
	Average shared text size (kbytes): 0
	Average unshared data size (kbytes): 0
	Average stack size (kbytes): 0
	Average total size (kbytes): 0
	Maximum resident set size (kbytes): 4868620
	Average resident set size (kbytes): 0
	Major (requiring I/O) page faults: 1
	Minor (reclaiming a frame) page faults: 39068273
	Voluntary context switches: 6451525
	Involuntary context switches: 63431
	Swaps: 0
	File system inputs: 8
	File system outputs: 44011120
	Socket messages sent: 0
	Socket messages received: 0
	Signals delivered: 0
	Page size (bytes): 4096
	Exit status: 0