./quast-5.0.2/quast.py -R /files0/wrig522/TestData2/Escherichia_coli/reference.fa Expr_1-11-2019-TestData2/spades_Escherichia_coli/contigs.fasta Expr_1-11-2019-TestData2/spades_Escherichia_coli/scaffolds.fasta Expr_1-11-2019-TestData2/mulksg_Escherichia_coli/contigs.fasta Expr_1-11-2019-TestData2/mulksg_Escherichia_coli/scaffolds.fasta -l "SPAdes_contigs, SPAdes_scaffolds, MULKSG_contigs, MULKSG_scaffolds" -o Expr_1-11-2019-TestData2/quast_results_Escherichia_coli

Version: 5.0.2, 0bb1dd1b

System information:
  OS: Linux-4.13.0-38-generic-x86_64-with-Ubuntu-17.10-artful (linux_64)
  Python version: 2.7.14
  CPUs number: 40

Started: 2019-01-11 11:15:55

Logging to /home/wrig522/mulksg/Expr_1-11-2019-TestData2/quast_results_Escherichia_coli/quast.log
NOTICE: Maximum number of threads is set to 10 (use --threads option to set it manually)

CWD: /home/wrig522/mulksg
Main parameters: 
  MODE: default, threads: 10, minimum contig length: 500, minimum alignment length: 65, \
  ambiguity: one, threshold for extensive misassembly size: 1000

WARNING: Can't draw plots: python-matplotlib is missing or corrupted.

Reference:
  /files0/wrig522/TestData2/Escherichia_coli/reference.fa ==> reference

Contigs:
  Pre-processing...
  1  Expr_1-11-2019-TestData2/spades_Escherichia_coli/contigs.fasta ==> SPAdes_contigs
  2  Expr_1-11-2019-TestData2/spades_Escherichia_coli/scaffolds.fasta ==> SPAdes_scaffolds
  3  Expr_1-11-2019-TestData2/mulksg_Escherichia_coli/contigs.fasta ==> MULKSG_contigs
  4  Expr_1-11-2019-TestData2/mulksg_Escherichia_coli/scaffolds.fasta ==> MULKSG_scaffolds

2019-01-11 11:15:55
Running Basic statistics processor...
  Reference genome:
    reference.fa, length = 5437407, num fragments = 4, GC % = 50.65
  Contig files: 
    1  SPAdes_contigs
    2  SPAdes_scaffolds
    3  MULKSG_contigs
    4  MULKSG_scaffolds
  Calculating N50 and L50...
    1  SPAdes_contigs, N50 = 135151, L50 = 12, Total length = 5379335, GC % = 50.65, # N's per 100 kbp =  0.00
    2  SPAdes_scaffolds, N50 = 135151, L50 = 12, Total length = 5380475, GC % = 50.64, # N's per 100 kbp =  4.03
    3  MULKSG_contigs, N50 = 135074, L50 = 12, Total length = 5380471, GC % = 50.65, # N's per 100 kbp =  0.00
    4  MULKSG_scaffolds, N50 = 135074, L50 = 12, Total length = 5381121, GC % = 50.65, # N's per 100 kbp =  3.85
Done.

2019-01-11 11:15:57
Running Contig analyzer...
  2  SPAdes_scaffolds
  1  SPAdes_contigs
  2  Logging to files /home/wrig522/mulksg/Expr_1-11-2019-TestData2/quast_results_Escherichia_coli/contigs_reports/contigs_report_SPAdes_scaffolds.stdout and contigs_report_SPAdes_scaffolds.stderr...
  3  MULKSG_contigs
  2  Aligning contigs to the reference
  4  MULKSG_scaffolds
  1  Logging to files /home/wrig522/mulksg/Expr_1-11-2019-TestData2/quast_results_Escherichia_coli/contigs_reports/contigs_report_SPAdes_contigs.stdout and contigs_report_SPAdes_contigs.stderr...
  3  Logging to files /home/wrig522/mulksg/Expr_1-11-2019-TestData2/quast_results_Escherichia_coli/contigs_reports/contigs_report_MULKSG_contigs.stdout and contigs_report_MULKSG_contigs.stderr...
  1  Aligning contigs to the reference
  4  Logging to files /home/wrig522/mulksg/Expr_1-11-2019-TestData2/quast_results_Escherichia_coli/contigs_reports/contigs_report_MULKSG_scaffolds.stdout and contigs_report_MULKSG_scaffolds.stderr...
  3  Aligning contigs to the reference
  4  Aligning contigs to the reference
  2  quast-5.0.2/quast_libs/minimap2/minimap2 -c -x asm5 -B5 -O4,16 --no-long-join \
     -r 85 -N 50 -s 65 -z 200 --mask-level 0.9 --min-occ 200 -g 2500 --score-N 2 --cs \
     -t 2 Expr_1-11-2019-TestData2/quast_results_Escherichia_coli/quast_corrected_input/reference.fa \
     Expr_1-11-2019-TestData2/quast_results_Escherichia_coli/quast_corrected_input/SPAdes_scaffolds.fasta \
     > Expr_1-11-2019-TestData2/quast_results_Escherichia_coli/contigs_reports/minimap_output/SPAdes_scaffolds.coords_tmp \
     2>> Expr_1-11-2019-TestData2/quast_results_Escherichia_coli/contigs_reports/contigs_report_SPAdes_scaffolds.stderr
  1  quast-5.0.2/quast_libs/minimap2/minimap2 -c -x asm5 -B5 -O4,16 --no-long-join \
     -r 85 -N 50 -s 65 -z 200 --mask-level 0.9 --min-occ 200 -g 2500 --score-N 2 --cs \
     -t 2 Expr_1-11-2019-TestData2/quast_results_Escherichia_coli/quast_corrected_input/reference.fa \
     Expr_1-11-2019-TestData2/quast_results_Escherichia_coli/quast_corrected_input/SPAdes_contigs.fasta \
     > Expr_1-11-2019-TestData2/quast_results_Escherichia_coli/contigs_reports/minimap_output/SPAdes_contigs.coords_tmp \
     2>> Expr_1-11-2019-TestData2/quast_results_Escherichia_coli/contigs_reports/contigs_report_SPAdes_contigs.stderr
  4  quast-5.0.2/quast_libs/minimap2/minimap2 -c -x asm5 -B5 -O4,16 --no-long-join \
     -r 85 -N 50 -s 65 -z 200 --mask-level 0.9 --min-occ 200 -g 2500 --score-N 2 --cs \
     -t 2 Expr_1-11-2019-TestData2/quast_results_Escherichia_coli/quast_corrected_input/reference.fa \
     Expr_1-11-2019-TestData2/quast_results_Escherichia_coli/quast_corrected_input/MULKSG_scaffolds.fasta \
     > Expr_1-11-2019-TestData2/quast_results_Escherichia_coli/contigs_reports/minimap_output/MULKSG_scaffolds.coords_tmp \
     2>> Expr_1-11-2019-TestData2/quast_results_Escherichia_coli/contigs_reports/contigs_report_MULKSG_scaffolds.stderr
  3  quast-5.0.2/quast_libs/minimap2/minimap2 -c -x asm5 -B5 -O4,16 --no-long-join \
     -r 85 -N 50 -s 65 -z 200 --mask-level 0.9 --min-occ 200 -g 2500 --score-N 2 --cs \
     -t 2 Expr_1-11-2019-TestData2/quast_results_Escherichia_coli/quast_corrected_input/reference.fa \
     Expr_1-11-2019-TestData2/quast_results_Escherichia_coli/quast_corrected_input/MULKSG_contigs.fasta \
     > Expr_1-11-2019-TestData2/quast_results_Escherichia_coli/contigs_reports/minimap_output/MULKSG_contigs.coords_tmp \
     2>> Expr_1-11-2019-TestData2/quast_results_Escherichia_coli/contigs_reports/contigs_report_MULKSG_contigs.stderr
  3  Analysis is finished.

  2  Analysis is finished.

  1  Analysis is finished.

  4  Analysis is finished.

  Creating total report...
    saved to /home/wrig522/mulksg/Expr_1-11-2019-TestData2/quast_results_Escherichia_coli/contigs_reports/misassemblies_report.txt, misassemblies_report.tsv, and misassemblies_report.tex
  Transposed version of total report...
    saved to /home/wrig522/mulksg/Expr_1-11-2019-TestData2/quast_results_Escherichia_coli/contigs_reports/transposed_report_misassemblies.txt, transposed_report_misassemblies.tsv, and transposed_report_misassemblies.tex
  Creating total report...
    saved to /home/wrig522/mulksg/Expr_1-11-2019-TestData2/quast_results_Escherichia_coli/contigs_reports/unaligned_report.txt, unaligned_report.tsv, and unaligned_report.tex
Done.

2019-01-11 11:15:59
Running NA-NGA calculation...
  1  SPAdes_contigs, Largest alignment = 237170, NA50 = 64851, NGA50 = 59215, LA50 = 24, LGA50 = 25
  2  SPAdes_scaffolds, Largest alignment = 237170, NA50 = 64851, NGA50 = 59215, LA50 = 24, LGA50 = 25
  3  MULKSG_contigs, Largest alignment = 237206, NA50 = 58620, NGA50 = 58620, LA50 = 25, LGA50 = 25
  4  MULKSG_scaffolds, Largest alignment = 237206, NA50 = 58620, NGA50 = 58620, LA50 = 25, LGA50 = 25
Done.

2019-01-11 11:15:59
Running Genome analyzer...
  NOTICE: No file with genomic features were provided. Use the --features option if you want to specify it.

  NOTICE: No file with operons were provided. Use the -O option if you want to specify it.
  2  SPAdes_scaffolds
  1  SPAdes_contigs
  3  MULKSG_contigs
  4  MULKSG_scaffolds
  2  Analysis is finished.
  3  Analysis is finished.
  4  Analysis is finished.
  1  Analysis is finished.
Done.

NOTICE: Genes are not predicted by default. Use --gene-finding or --glimmer option to enable it.

2019-01-11 11:16:01
Creating large visual summaries...
This may take a while: press Ctrl-C to skip this step..
  1 of 1: Creating Icarus viewers...
Done

2019-01-11 11:16:01
RESULTS:
  Text versions of total report are saved to /home/wrig522/mulksg/Expr_1-11-2019-TestData2/quast_results_Escherichia_coli/report.txt, report.tsv, and report.tex
  Text versions of transposed total report are saved to /home/wrig522/mulksg/Expr_1-11-2019-TestData2/quast_results_Escherichia_coli/transposed_report.txt, transposed_report.tsv, and transposed_report.tex
  HTML version (interactive tables and plots) is saved to /home/wrig522/mulksg/Expr_1-11-2019-TestData2/quast_results_Escherichia_coli/report.html
  Icarus (contig browser) is saved to /home/wrig522/mulksg/Expr_1-11-2019-TestData2/quast_results_Escherichia_coli/icarus.html
  Log is saved to /home/wrig522/mulksg/Expr_1-11-2019-TestData2/quast_results_Escherichia_coli/quast.log

Finished: 2019-01-11 11:16:01
Elapsed time: 0:00:06.336752
NOTICEs: 4; WARNINGs: 1; non-fatal ERRORs: 0

Thank you for using QUAST!
