./quast-5.0.2/quast.py -o quast_mulksgspadesonly/quast_results_scfs_M_abscessus_HiSeq -R GAGE-B_Assemblies/M_abscessus_HiSeq/reference.fa GAGE-B_Assemblies/M_abscessus_HiSeq/spades_scf.fasta GAGE-B_Assemblies/M_abscessus_HiSeq/mulksg_scf.fasta

Version: 5.0.2

System information:
  OS: Linux-4.15.0-43-generic-x86_64-with-Ubuntu-18.04-bionic (linux_64)
  Python version: 2.7.15
  CPUs number: 8

Started: 2019-01-15 11:21:22

Logging to /media/chris/seagate1/chris/MULKSG/quast_mulksgspadesonly/quast_results_scfs_M_abscessus_HiSeq/quast.log
NOTICE: Maximum number of threads is set to 2 (use --threads option to set it manually)

CWD: /media/chris/seagate1/chris/MULKSG
Main parameters: 
  MODE: default, threads: 2, minimum contig length: 500, minimum alignment length: 65, \
  ambiguity: one, threshold for extensive misassembly size: 1000

Reference:
  /media/chris/seagate1/chris/MULKSG/GAGE-B_Assemblies/M_abscessus_HiSeq/reference.fa ==> reference

Contigs:
  Pre-processing...
  1  GAGE-B_Assemblies/M_abscessus_HiSeq/spades_scf.fasta ==> spades_scf
  2  GAGE-B_Assemblies/M_abscessus_HiSeq/mulksg_scf.fasta ==> mulksg_scf

2019-01-15 11:21:23
Running Basic statistics processor...
  Reference genome:
    reference.fa, length = 23319, num fragments = 1, GC % = 67.86
  Contig files: 
    1  spades_scf
    2  mulksg_scf
  Calculating N50 and L50...
    1  spades_scf, N50 = 332824, L50 = 4, Total length = 5132507, GC % = 64.11, # N's per 100 kbp =  0.00
    2  mulksg_scf, N50 = 332816, L50 = 4, Total length = 5132188, GC % = 64.11, # N's per 100 kbp =  0.00
  Drawing Nx plot...
    saved to /media/chris/seagate1/chris/MULKSG/quast_mulksgspadesonly/quast_results_scfs_M_abscessus_HiSeq/basic_stats/Nx_plot.pdf
  Drawing NGx plot...
    saved to /media/chris/seagate1/chris/MULKSG/quast_mulksgspadesonly/quast_results_scfs_M_abscessus_HiSeq/basic_stats/NGx_plot.pdf
  Drawing cumulative plot...
    saved to /media/chris/seagate1/chris/MULKSG/quast_mulksgspadesonly/quast_results_scfs_M_abscessus_HiSeq/basic_stats/cumulative_plot.pdf
  Drawing GC content plot...
    saved to /media/chris/seagate1/chris/MULKSG/quast_mulksgspadesonly/quast_results_scfs_M_abscessus_HiSeq/basic_stats/GC_content_plot.pdf
  Drawing spades_scf GC content plot...
    saved to /media/chris/seagate1/chris/MULKSG/quast_mulksgspadesonly/quast_results_scfs_M_abscessus_HiSeq/basic_stats/spades_scf_GC_content_plot.pdf
  Drawing mulksg_scf GC content plot...
    saved to /media/chris/seagate1/chris/MULKSG/quast_mulksgspadesonly/quast_results_scfs_M_abscessus_HiSeq/basic_stats/mulksg_scf_GC_content_plot.pdf
  Drawing Coverage histogram (bin size: 1x)...
    saved to /media/chris/seagate1/chris/MULKSG/quast_mulksgspadesonly/quast_results_scfs_M_abscessus_HiSeq/basic_stats/coverage_histogram.pdf
  Drawing spades_scf coverage histogram (bin size: 1x)...
    saved to /media/chris/seagate1/chris/MULKSG/quast_mulksgspadesonly/quast_results_scfs_M_abscessus_HiSeq/basic_stats/spades_scf_coverage_histogram.pdf
  Drawing mulksg_scf coverage histogram (bin size: 1x)...
    saved to /media/chris/seagate1/chris/MULKSG/quast_mulksgspadesonly/quast_results_scfs_M_abscessus_HiSeq/basic_stats/mulksg_scf_coverage_histogram.pdf
Done.

2019-01-15 11:21:25
Running Contig analyzer...
  1  spades_scf
  1  Logging to files /media/chris/seagate1/chris/MULKSG/quast_mulksgspadesonly/quast_results_scfs_M_abscessus_HiSeq/contigs_reports/contigs_report_spades_scf.stdout and contigs_report_spades_scf.stderr...
  2  mulksg_scf
  1  Aligning contigs to the reference
  2  Logging to files /media/chris/seagate1/chris/MULKSG/quast_mulksgspadesonly/quast_results_scfs_M_abscessus_HiSeq/contigs_reports/contigs_report_mulksg_scf.stdout and contigs_report_mulksg_scf.stderr...
  2  Aligning contigs to the reference
  1  /usr/local/lib/python2.7/dist-packages/quast-5.0.2-py2.7.egg/quast_libs/minimap2/minimap2 \
     -c -x asm5 -B5 -O4,16 --no-long-join -r 85 -N 50 -s 65 -z 200 --mask-level 0.9 \
     --min-occ 200 -g 2500 --score-N 2 --cs -t 1 quast_mulksgspadesonly/quast_results_scfs_M_abscessus_HiSeq/quast_corrected_input/reference.fa \
     quast_mulksgspadesonly/quast_results_scfs_M_abscessus_HiSeq/quast_corrected_input/spades_scf.fasta \
     > quast_mulksgspadesonly/quast_results_scfs_M_abscessus_HiSeq/contigs_reports/minimap_output/spades_scf.coords_tmp \
     2>> quast_mulksgspadesonly/quast_results_scfs_M_abscessus_HiSeq/contigs_reports/contigs_report_spades_scf.stderr
  2  /usr/local/lib/python2.7/dist-packages/quast-5.0.2-py2.7.egg/quast_libs/minimap2/minimap2 \
     -c -x asm5 -B5 -O4,16 --no-long-join -r 85 -N 50 -s 65 -z 200 --mask-level 0.9 \
     --min-occ 200 -g 2500 --score-N 2 --cs -t 1 quast_mulksgspadesonly/quast_results_scfs_M_abscessus_HiSeq/quast_corrected_input/reference.fa \
     quast_mulksgspadesonly/quast_results_scfs_M_abscessus_HiSeq/quast_corrected_input/mulksg_scf.fasta \
     > quast_mulksgspadesonly/quast_results_scfs_M_abscessus_HiSeq/contigs_reports/minimap_output/mulksg_scf.coords_tmp \
     2>> quast_mulksgspadesonly/quast_results_scfs_M_abscessus_HiSeq/contigs_reports/contigs_report_mulksg_scf.stderr
  2  Nothing aligned for 'mulksg_scf'.
  1  Nothing aligned for 'spades_scf'.
Failed aligning the contigs for all the assemblies. Only basic stats are going to be evaluated.

NOTICE: Genes are not predicted by default. Use --gene-finding or --glimmer option to enable it.

2019-01-15 11:21:25
Creating large visual summaries...
This may take a while: press Ctrl-C to skip this step..
  1 of 2: Creating Icarus viewers...
  2 of 2: Creating PDF with all tables and plots...
Done

2019-01-15 11:21:26
RESULTS:
  Text versions of total report are saved to /media/chris/seagate1/chris/MULKSG/quast_mulksgspadesonly/quast_results_scfs_M_abscessus_HiSeq/report.txt, report.tsv, and report.tex
  Text versions of transposed total report are saved to /media/chris/seagate1/chris/MULKSG/quast_mulksgspadesonly/quast_results_scfs_M_abscessus_HiSeq/transposed_report.txt, transposed_report.tsv, and transposed_report.tex
  HTML version (interactive tables and plots) is saved to /media/chris/seagate1/chris/MULKSG/quast_mulksgspadesonly/quast_results_scfs_M_abscessus_HiSeq/report.html
  PDF version (tables and plots) is saved to /media/chris/seagate1/chris/MULKSG/quast_mulksgspadesonly/quast_results_scfs_M_abscessus_HiSeq/report.pdf
  Icarus (contig browser) is saved to /media/chris/seagate1/chris/MULKSG/quast_mulksgspadesonly/quast_results_scfs_M_abscessus_HiSeq/icarus.html
  Log is saved to /media/chris/seagate1/chris/MULKSG/quast_mulksgspadesonly/quast_results_scfs_M_abscessus_HiSeq/quast.log

Finished: 2019-01-15 11:21:26
Elapsed time: 0:00:03.218376
NOTICEs: 2; WARNINGs: 0; non-fatal ERRORs: 0

Thank you for using QUAST!
